<?xml version="1.0" encoding="UTF-8"?>
<!-- Generated by org.testng.reporters.JUnitReportReporter -->
<testsuite hostname="DESKTOP-38OR8B2" name="Test.LoginTest" tests="2" failures="0" timestamp="10 Aug 2016 15:00:21 GMT" time="0.528" errors="0">
  <testcase name="maxi" time="0.396" classname="Test.LoginTest"/>
  <testcase name="loginMethod" time="0.132" classname="Test.LoginTest"/>
</testsuite> <!-- Test.LoginTest -->
