<?xml version="1.0" encoding="UTF-8"?>
<!-- Generated by org.testng.reporters.JUnitReportReporter -->
<testsuite hostname="SVWIN00058" name="Test.LoginTest" tests="2" failures="0" timestamp="10 Aug 2016 05:52:31 GMT" time="0.453" errors="0">
  <testcase name="loginMethod" time="0.281" classname="Test.LoginTest"/>
  <testcase name="maxi" time="0.172" classname="Test.LoginTest"/>
</testsuite> <!-- Test.LoginTest -->
