<?xml version="1.0" encoding="UTF-8"?>
<!-- Generated by org.testng.reporters.JUnitReportReporter -->
<testsuite hostname="DESKTOP-38OR8B2" name="Test.RegTest" tests="1" failures="0" timestamp="15 Aug 2016 16:16:58 GMT" time="37.784" errors="0">
  <testcase name="check" time="37.784" classname="Test.RegTest"/>
</testsuite> <!-- Test.RegTest -->
