<?xml version="1.0" encoding="UTF-8"?>
<!-- Generated by org.testng.reporters.JUnitReportReporter -->
<testsuite hostname="DESKTOP-38OR8B2" name="Test.RegTest" tests="1" failures="0" timestamp="5 Sep 2016 05:40:14 GMT" time="38.554" errors="0">
  <testcase name="check" time="38.554" classname="Test.RegTest"/>
</testsuite> <!-- Test.RegTest -->
