<?xml version="1.0" encoding="UTF-8"?>
<!-- Generated by org.testng.reporters.JUnitReportReporter -->
<testsuite hostname="SVWIN00058" name="Test.RegTest" tests="1" failures="0" timestamp="16 Aug 2016 07:33:23 GMT" time="39.299" errors="0">
  <testcase name="check" time="39.299" classname="Test.RegTest"/>
</testsuite> <!-- Test.RegTest -->
